<?xml version="1.0" encoding="UTF-8"?>
<!-- Generated by org.testng.reporters.JUnitReportReporter -->
<testsuite hostname="PC" failures="0" tests="1" name="com.testCases.LoginTest" time="33.632" errors="0" timestamp="30 Dec. 2020 19:49:24 GMT" skipped="0">
  <testcase classname="com.testCases.LoginTest" name="Logintest" time="33.632"/>
</testsuite> <!-- com.testCases.LoginTest -->
