<?xml version="1.0" encoding="UTF-8"?>
<!-- Generated by org.testng.reporters.JUnitReportReporter -->
<testsuite hostname="PC" failures="0" tests="1" name="com.testCases.SearchCustomer" time="14.779" errors="0" timestamp="01 Jan. 2021 22:22:24 GMT" skipped="0">
  <testcase classname="com.testCases.SearchCustomer" name="Searchcustomer" time="14.779"/>
</testsuite> <!-- com.testCases.SearchCustomer -->
