<?xml version="1.0" encoding="UTF-8"?>
<!-- Generated by org.testng.reporters.JUnitReportReporter -->
<testsuite hostname="PC" failures="0" tests="1" name="com.testCases.AddNewCustomer" time="23.034" errors="0" timestamp="01 Jan. 2021 22:19:54 GMT" skipped="0">
  <testcase classname="com.testCases.AddNewCustomer" name="AddNewcustomer" time="23.034"/>
</testsuite> <!-- com.testCases.AddNewCustomer -->
