<?xml version="1.0" encoding="UTF-8"?>
<!-- Generated by org.testng.reporters.JUnitReportReporter -->
<testsuite hostname="PC" failures="0" tests="1" name="com.testCases.GithubDeneme" time="0.037" errors="0" timestamp="15 Jan. 2021 02:25:57 GMT" skipped="0">
  <testcase classname="com.testCases.GithubDeneme" name="github" time="0.037"/>
</testsuite> <!-- com.testCases.GithubDeneme -->
