<?xml version="1.0" encoding="UTF-8"?>
<!-- Generated by org.testng.reporters.JUnitReportReporter -->
<testsuite hostname="PC" failures="0" tests="3" name="com.testCases.GithubDeneme" time="0.054" errors="0" timestamp="21 Jan. 2021 21:17:11 GMT" skipped="0">
  <testcase classname="com.testCases.GithubDeneme" name="github" time="0.050"/>
  <testcase classname="com.testCases.GithubDeneme" name="githubdifererefds" time="0.002"/>
  <testcase classname="com.testCases.GithubDeneme" name="github12" time="0.002"/>
</testsuite> <!-- com.testCases.GithubDeneme -->
